Using pre-set license
Built from '6000.0/staging' branch; Version is '6000.0.40f1 (157d81624ddf) revision 1408385'; Using compiler version '193933523'; Build Type 'Release'
OS: 'Windows 11  (10.0.26100) 64bit Core' Language: 'pt' Physical Memory: 16273 MB
BatchMode: 1, IsHumanControllingUs: 0, StartBugReporterOnCrash: 0, Is64bit: 1, IsPro: 1

COMMAND LINE ARGUMENTS:
C:\Program Files\Unity\Hub\Editor\6000.0.40f1\Editor\Unity.exe
-adb2
-batchMode
-noUpm
-name
AssetImportWorker0
-projectPath
D:/Unit_Projects/Oiia_Project
-logFile
Logs/AssetImportWorker0.log
-srvPort
60300
-job-worker-count
5
-background-job-worker-count
8
-gc-helper-count
1
Successfully changed project path to: D:/Unit_Projects/Oiia_Project
D:/Unit_Projects/Oiia_Project
[UnityMemory] Configuration Parameters - Can be set up in boot.config
    "memorysetup-bucket-allocator-granularity=16"
    "memorysetup-bucket-allocator-bucket-count=8"
    "memorysetup-bucket-allocator-block-size=33554432"
    "memorysetup-bucket-allocator-block-count=8"
    "memorysetup-main-allocator-block-size=16777216"
    "memorysetup-thread-allocator-block-size=16777216"
    "memorysetup-gfx-main-allocator-block-size=16777216"
    "memorysetup-gfx-thread-allocator-block-size=16777216"
    "memorysetup-cache-allocator-block-size=4194304"
    "memorysetup-typetree-allocator-block-size=2097152"
    "memorysetup-profiler-bucket-allocator-granularity=16"
    "memorysetup-profiler-bucket-allocator-bucket-count=8"
    "memorysetup-profiler-bucket-allocator-block-size=33554432"
    "memorysetup-profiler-bucket-allocator-block-count=8"
    "memorysetup-profiler-allocator-block-size=16777216"
    "memorysetup-profiler-editor-allocator-block-size=1048576"
    "memorysetup-temp-allocator-size-main=16777216"
    "memorysetup-job-temp-allocator-block-size=2097152"
    "memorysetup-job-temp-allocator-block-size-background=1048576"
    "memorysetup-job-temp-allocator-reduction-small-platforms=262144"
    "memorysetup-allocator-temp-initial-block-size-main=262144"
    "memorysetup-allocator-temp-initial-block-size-worker=262144"
    "memorysetup-temp-allocator-size-background-worker=32768"
    "memorysetup-temp-allocator-size-job-worker=262144"
    "memorysetup-temp-allocator-size-preload-manager=33554432"
    "memorysetup-temp-allocator-size-nav-mesh-worker=65536"
    "memorysetup-temp-allocator-size-audio-worker=65536"
    "memorysetup-temp-allocator-size-cloud-worker=32768"
    "memorysetup-temp-allocator-size-gi-baking-worker=262144"
    "memorysetup-temp-allocator-size-gi-baking-worker=262144"
    "memorysetup-temp-allocator-size-gi-baking-worker=262144"
    "memorysetup-temp-allocator-size-gi-baking-worker=262144"
    "memorysetup-temp-allocator-size-gi-baking-worker=262144"
    "memorysetup-temp-allocator-size-gfx=262144"
Player connection [26076]  Target information:

Player connection [26076]  * "[IP] 192.168.2.193 [Port] 0 [Flags] 2 [Guid] 2414825520 [EditorId] 2414825520 [Version] 1048832 [Id] WindowsEditor(7,DESKTOP-34VN232) [Debug] 1 [PackageName] WindowsEditor [ProjectName] Editor" 

Player connection [26076]  * "[IP] 26.200.121.193 [Port] 0 [Flags] 2 [Guid] 2414825520 [EditorId] 2414825520 [Version] 1048832 [Id] WindowsEditor(7,DESKTOP-34VN232) [Debug] 1 [PackageName] WindowsEditor [ProjectName] Editor" 

Player connection [26076]  * "[IP] 192.168.55.1 [Port] 0 [Flags] 2 [Guid] 2414825520 [EditorId] 2414825520 [Version] 1048832 [Id] WindowsEditor(7,DESKTOP-34VN232) [Debug] 1 [PackageName] WindowsEditor [ProjectName] Editor" 

Player connection [26076] Host joined multi-casting on [225.0.0.222:54997]...
Player connection [26076] Host joined alternative multi-casting on [225.0.0.222:34997]...
JobSystem: Creating JobQueue using job-worker-count value 5
Input System module state changed to: Initialized.
[Physics::Module] Initialized fallback backend.
[Physics::Module] Id: 0xdecafbad
Library Redirect Path: Library/
[Physics::Module] Selected backend.
[Physics::Module] Name: PhysX
[Physics::Module] Id: 0xf2b8ea05
[Physics::Module] SDK Version: 4.1.2
[Physics::Module] Integration Version: 1.0.0
[Physics::Module] Threading Mode: Multi-Threaded
Refreshing native plugins compatible for Editor in 3.16 ms, found 4 plugins.
Preloading 0 native plugins for Editor in 0.00 ms.
Initialize engine version: 6000.0.40f1 (157d81624ddf)
[Subsystems] Discovering subsystems at path C:/Program Files/Unity/Hub/Editor/6000.0.40f1/Editor/Data/Resources/UnitySubsystems
[Subsystems] Discovering subsystems at path D:/Unit_Projects/Oiia_Project/Assets
GfxDevice: creating device client; kGfxThreadingModeNonThreaded
Direct3D:
    Version:  Direct3D 11.0 [level 11.1]
    Renderer: Radeon RX550/550 Series (ID=0x699f)
    Vendor:   ATI
    VRAM:     4075 MB
    Driver:   31.0.12029.10015
Initialize mono
Mono path[0] = 'C:/Program Files/Unity/Hub/Editor/6000.0.40f1/Editor/Data/Managed'
Mono path[1] = 'C:/Program Files/Unity/Hub/Editor/6000.0.40f1/Editor/Data/MonoBleedingEdge/lib/mono/unityjit-win32'
Mono config path = 'C:/Program Files/Unity/Hub/Editor/6000.0.40f1/Editor/Data/MonoBleedingEdge/etc'
Using monoOptions --debugger-agent=transport=dt_socket,embedding=1,server=y,suspend=n,address=127.0.0.1:56096
Begin MonoManager ReloadAssembly
Registering precompiled unity dll's ...
Register platform support module: C:/Program Files/Unity/Hub/Editor/6000.0.40f1/Editor/Data/PlaybackEngines/WindowsStandaloneSupport/UnityEditor.WindowsStandalone.Extensions.dll
Registered in 0.003649 seconds.
- Loaded All Assemblies, in  0.561 seconds
Native extension for WindowsStandalone target not found
Mono: successfully reloaded assembly
- Finished resetting the current domain, in  0.549 seconds
Domain Reload Profiling: 1107ms
	BeginReloadAssembly (208ms)
		ExecutionOrderSort (0ms)
		DisableScriptedObjects (0ms)
		BackupInstance (0ms)
		ReleaseScriptingObjects (0ms)
		CreateAndSetChildDomain (1ms)
	RebuildCommonClasses (53ms)
	RebuildNativeTypeToScriptingClass (14ms)
	initialDomainReloadingComplete (69ms)
	LoadAllAssembliesAndSetupDomain (213ms)
		LoadAssemblies (205ms)
		RebuildTransferFunctionScriptingTraits (0ms)
		AnalyzeDomain (209ms)
			TypeCache.Refresh (206ms)
				TypeCache.ScanAssembly (186ms)
			BuildScriptInfoCaches (0ms)
			ResolveRequiredComponents (1ms)
	FinalizeReload (550ms)
		ReleaseScriptCaches (0ms)
		RebuildScriptCaches (0ms)
		SetupLoadedEditorAssemblies (487ms)
			LogAssemblyErrors (0ms)
			InitializePlatformSupportModulesInManaged (45ms)
			SetLoadedEditorAssemblies (6ms)
			BeforeProcessingInitializeOnLoad (87ms)
			ProcessInitializeOnLoadAttributes (250ms)
			ProcessInitializeOnLoadMethodAttributes (100ms)
			AfterProcessingInitializeOnLoad (0ms)
			EditorAssembliesLoaded (0ms)
		ExecutionOrderSort2 (0ms)
		AwakeInstancesAfterBackupRestoration (0ms)
========================================================================
Worker process is ready to serve import requests
Import Worker Mode flag is 0x00
Begin MonoManager ReloadAssembly
- Loaded All Assemblies, in  2.014 seconds
Refreshing native plugins compatible for Editor in 2.05 ms, found 4 plugins.
Native extension for WindowsStandalone target not found
Shader Hidden/ProbeVolume/VoxelizeScene is not supported: GPU does not support conservative rasterization
Mono: successfully reloaded assembly
- Finished resetting the current domain, in  1.872 seconds
Domain Reload Profiling: 3882ms
	BeginReloadAssembly (251ms)
		ExecutionOrderSort (0ms)
		DisableScriptedObjects (9ms)
		BackupInstance (0ms)
		ReleaseScriptingObjects (0ms)
		CreateAndSetChildDomain (47ms)
	RebuildCommonClasses (55ms)
	RebuildNativeTypeToScriptingClass (14ms)
	initialDomainReloadingComplete (66ms)
	LoadAllAssembliesAndSetupDomain (1623ms)
		LoadAssemblies (1407ms)
		RebuildTransferFunctionScriptingTraits (0ms)
		AnalyzeDomain (368ms)
			TypeCache.Refresh (272ms)
				TypeCache.ScanAssembly (249ms)
			BuildScriptInfoCaches (75ms)
			ResolveRequiredComponents (16ms)
	FinalizeReload (1872ms)
		ReleaseScriptCaches (0ms)
		RebuildScriptCaches (0ms)
		SetupLoadedEditorAssemblies (1257ms)
			LogAssemblyErrors (0ms)
			InitializePlatformSupportModulesInManaged (3ms)
			SetLoadedEditorAssemblies (7ms)
			BeforeProcessingInitializeOnLoad (175ms)
			ProcessInitializeOnLoadAttributes (572ms)
			ProcessInitializeOnLoadMethodAttributes (494ms)
			AfterProcessingInitializeOnLoad (7ms)
			EditorAssembliesLoaded (0ms)
		ExecutionOrderSort2 (0ms)
		AwakeInstancesAfterBackupRestoration (7ms)
Shader Hidden/ProbeVolume/VoxelizeScene is not supported: GPU does not support conservative rasterization
Launched and connected shader compiler UnityShaderCompiler.exe after 0.02 seconds
Refreshing native plugins compatible for Editor in 4.23 ms, found 4 plugins.
Preloading 0 native plugins for Editor in 0.00 ms.
Unloading 206 Unused Serialized files (Serialized files now loaded: 0)
Unloading 6582 unused Assets / (8.2 MB). Loaded Objects now: 7228.
Memory consumption went from 170.1 MB to 162.0 MB.
Total: 22.408400 ms (FindLiveObjects: 1.609000 ms CreateObjectMapping: 1.648300 ms MarkObjects: 9.200900 ms  DeleteObjects: 9.947800 ms)

========================================================================
Received Import Request.
  Time since last request: 98899.866959 seconds.
  path: Assets/Ássets/Sprites/FireBall/19.png
  artifactKey: Guid(cad54ac32b53a6c4bbabd11ccec8f1b5) Importer(815301076,1909f56bfc062723c751e8b465ee728b)
Start importing Assets/Ássets/Sprites/FireBall/19.png using Guid(cad54ac32b53a6c4bbabd11ccec8f1b5) Importer(815301076,1909f56bfc062723c751e8b465ee728b) (PreviewImporter) -> (artifact id: '67509d19d33698536c0887589e9b310a') in 0.1972598 seconds
Number of updated asset objects reloaded before import = 0Number of asset objects unloaded after import = 5

========================================================================
Received Import Request.
  Time since last request: 0.000291 seconds.
  path: Assets/Ássets/Sprites/FireBall/12.png
  artifactKey: Guid(b1f75a03769a4b942ac8b8d56c16c476) Importer(815301076,1909f56bfc062723c751e8b465ee728b)
Start importing Assets/Ássets/Sprites/FireBall/12.png using Guid(b1f75a03769a4b942ac8b8d56c16c476) Importer(815301076,1909f56bfc062723c751e8b465ee728b) (PreviewImporter) -> (artifact id: 'ae151d962405f35b86a885e2bc7f5a2f') in 0.0816425 seconds
Number of updated asset objects reloaded before import = 0Number of asset objects unloaded after import = 3

========================================================================
Received Import Request.
  Time since last request: 0.000032 seconds.
  path: Assets/Ássets/Sprites/FireBall/38.png
  artifactKey: Guid(297c9f5505a9f754884cae96467d76ae) Importer(815301076,1909f56bfc062723c751e8b465ee728b)
Start importing Assets/Ássets/Sprites/FireBall/38.png using Guid(297c9f5505a9f754884cae96467d76ae) Importer(815301076,1909f56bfc062723c751e8b465ee728b) (PreviewImporter) -> (artifact id: '3eda5ed9c40cb194986a8417e3fd2ac6') in 0.0358902 seconds
Number of updated asset objects reloaded before import = 0Number of asset objects unloaded after import = 5

========================================================================
Received Import Request.
  Time since last request: 0.000030 seconds.
  path: Assets/Ássets/Sprites/FireBall/35.png
  artifactKey: Guid(1d928c1d3adf9724982519e795890c67) Importer(815301076,1909f56bfc062723c751e8b465ee728b)
Start importing Assets/Ássets/Sprites/FireBall/35.png using Guid(1d928c1d3adf9724982519e795890c67) Importer(815301076,1909f56bfc062723c751e8b465ee728b) (PreviewImporter) -> (artifact id: 'c07770e81d01716edeb8cef2d3b334f7') in 0.0303977 seconds
Number of updated asset objects reloaded before import = 0Number of asset objects unloaded after import = 4

========================================================================
Received Import Request.
  Time since last request: 0.000026 seconds.
  path: Assets/Ássets/Sprites/FireBall/39.png
  artifactKey: Guid(ce7452db0d58cf649b29d03d530e8b9c) Importer(815301076,1909f56bfc062723c751e8b465ee728b)
Start importing Assets/Ássets/Sprites/FireBall/39.png using Guid(ce7452db0d58cf649b29d03d530e8b9c) Importer(815301076,1909f56bfc062723c751e8b465ee728b) (PreviewImporter) -> (artifact id: '2ca0038dc38224ad5bc9c980402163b8') in 0.0426944 seconds
Number of updated asset objects reloaded before import = 0Number of asset objects unloaded after import = 5

========================================================================
Received Import Request.
  Time since last request: 0.000051 seconds.
  path: Assets/Ássets/Sprites/FireBall/10.png
  artifactKey: Guid(93b05a3fd26f31b4594fba0386b7c45f) Importer(815301076,1909f56bfc062723c751e8b465ee728b)
Start importing Assets/Ássets/Sprites/FireBall/10.png using Guid(93b05a3fd26f31b4594fba0386b7c45f) Importer(815301076,1909f56bfc062723c751e8b465ee728b) (PreviewImporter) -> (artifact id: '6691cbf3cdaf6f407580552007b5ea92') in 0.0298696 seconds
Number of updated asset objects reloaded before import = 0Number of asset objects unloaded after import = 4

========================================================================
Received Import Request.
  Time since last request: 0.000034 seconds.
  path: Assets/Ássets/Sprites/FireBall/27.png
  artifactKey: Guid(bc15ef8f2520155439f7a0d2d9dc5662) Importer(815301076,1909f56bfc062723c751e8b465ee728b)
Start importing Assets/Ássets/Sprites/FireBall/27.png using Guid(bc15ef8f2520155439f7a0d2d9dc5662) Importer(815301076,1909f56bfc062723c751e8b465ee728b) (PreviewImporter) -> (artifact id: '0a4eb22d1716da99a6dc23fa81fd17c4') in 0.0377617 seconds
Number of updated asset objects reloaded before import = 0Number of asset objects unloaded after import = 4

========================================================================
Received Import Request.
  Time since last request: 0.000065 seconds.
  path: Assets/Ássets/Sprites/FireBall/18.png
  artifactKey: Guid(02cd83908cd522b45a62e26609b23c5c) Importer(815301076,1909f56bfc062723c751e8b465ee728b)
Start importing Assets/Ássets/Sprites/FireBall/18.png using Guid(02cd83908cd522b45a62e26609b23c5c) Importer(815301076,1909f56bfc062723c751e8b465ee728b) (PreviewImporter) -> (artifact id: '4cb98c17fdf1626c28dd9941ffc6cbef') in 0.0355168 seconds
Number of updated asset objects reloaded before import = 0Number of asset objects unloaded after import = 4

========================================================================
Received Import Request.
  Time since last request: 0.000032 seconds.
  path: Assets/Ássets/Sprites/FireBall/29.png
  artifactKey: Guid(1841b306cab87434c898a9a7d04fc352) Importer(815301076,1909f56bfc062723c751e8b465ee728b)
Start importing Assets/Ássets/Sprites/FireBall/29.png using Guid(1841b306cab87434c898a9a7d04fc352) Importer(815301076,1909f56bfc062723c751e8b465ee728b) (PreviewImporter) -> (artifact id: 'a7c1bae7afa69786689d03630c8a1b2e') in 0.0283788 seconds
Number of updated asset objects reloaded before import = 0Number of asset objects unloaded after import = 3

========================================================================
Received Import Request.
  Time since last request: 0.000024 seconds.
  path: Assets/Ássets/Sprites/FireBall/4.png
  artifactKey: Guid(7021e0f7b4c7c2849bc788db228d77ee) Importer(815301076,1909f56bfc062723c751e8b465ee728b)
Start importing Assets/Ássets/Sprites/FireBall/4.png using Guid(7021e0f7b4c7c2849bc788db228d77ee) Importer(815301076,1909f56bfc062723c751e8b465ee728b) (PreviewImporter) -> (artifact id: '48e5b7863c5402fc1140df25e9df6ca9') in 0.0241418 seconds
Number of updated asset objects reloaded before import = 0Number of asset objects unloaded after import = 3

========================================================================
Received Import Request.
  Time since last request: 0.000035 seconds.
  path: Assets/Ássets/Sprites/FireBall/25.png
  artifactKey: Guid(4f4e134762e7d6d48b121ed6a30587e6) Importer(815301076,1909f56bfc062723c751e8b465ee728b)
Start importing Assets/Ássets/Sprites/FireBall/25.png using Guid(4f4e134762e7d6d48b121ed6a30587e6) Importer(815301076,1909f56bfc062723c751e8b465ee728b) (PreviewImporter) -> (artifact id: 'f778db5f232bc4bed195270912970765') in 0.0250898 seconds
Number of updated asset objects reloaded before import = 0Number of asset objects unloaded after import = 3

========================================================================
Received Import Request.
  Time since last request: 0.000057 seconds.
  path: Assets/Ássets/Sprites/FireBall/28.png
  artifactKey: Guid(4bbaaae5c445dd0448f72f431c85a80a) Importer(815301076,1909f56bfc062723c751e8b465ee728b)
Start importing Assets/Ássets/Sprites/FireBall/28.png using Guid(4bbaaae5c445dd0448f72f431c85a80a) Importer(815301076,1909f56bfc062723c751e8b465ee728b) (PreviewImporter) -> (artifact id: 'a78333be1939a4fc883c4b1acb9dc079') in 0.0393656 seconds
Number of updated asset objects reloaded before import = 0Number of asset objects unloaded after import = 4

========================================================================
Received Import Request.
  Time since last request: 0.000026 seconds.
  path: Assets/Ássets/Sprites/FireBall/17.png
  artifactKey: Guid(888b5c19eb4df084f906f7058cd35f2d) Importer(815301076,1909f56bfc062723c751e8b465ee728b)
Start importing Assets/Ássets/Sprites/FireBall/17.png using Guid(888b5c19eb4df084f906f7058cd35f2d) Importer(815301076,1909f56bfc062723c751e8b465ee728b) (PreviewImporter) -> (artifact id: '3594ff3dccab3f6c7c961dd05df0a5e0') in 0.0391291 seconds
Number of updated asset objects reloaded before import = 0Number of asset objects unloaded after import = 3

Editor requested this worker to shutdown with reason: Scaling down because of idle timeout
AssetImportWorker is now disconnected from the server
Process exiting
Exiting without the bug reporter. Application will terminate with return code 0